make all --print-data-base --no-builtin-variables --no-builtin-rules --question
make: *** No rule to make target 'all'.  Stop.

# GNU Make 4.2.1
# Built for x86_64-pc-linux-gnu
# Copyright (C) 1988-2016 Free Software Foundation, Inc.
# License GPLv3+: GNU GPL version 3 or later <http://gnu.org/licenses/gpl.html>
# This is free software: you are free to change and redistribute it.
# There is NO WARRANTY, to the extent permitted by law.

# Make data base, printed on Thu Aug 11 02:01:16 2022

# Variables

# automatic
<D = $(patsubst %/,%,$(dir $<))
# automatic
?F = $(notdir $?)
# environment
DESKTOP_SESSION = gnome
# environment
INFINALITY_FT_BRIGHTNESS = 0
# default
.SHELLFLAGS := -c
# environment
XDG_SESSION_CLASS = user
# environment
XDG_SESSION_TYPE = x11
# environment
INFINALITY_FT_BOLD_EMBOLDEN_Y_VALUE = 0
# environment
INFINALITY_FT_GLOBAL_EMBOLDEN_X_VALUE = 0
# automatic
?D = $(patsubst %/,%,$(dir $?))
# automatic
@D = $(patsubst %/,%,$(dir $@))
# environment
XAUTHORITY = /home/nevin/.Xauthority
# environment
GDMSESSION = gnome
# environment
XMODIFIERS = @im=ibus
# automatic
^D = $(patsubst %/,%,$(dir $^))
# makefile
CURDIR := /home/nevin/Desktop/vulkan
# makefile
SHELL = /bin/sh
# environment
GDM_LANG = en_US
# environment
INFINALITY_FT_AUTOHINT_INCREASE_GLYPH_HEIGHTS = true
# environment
VSCODE_NLS_CONFIG = {"locale":"en-us","availableLanguages":{},"_languagePackSupport":true}
# environment
_ = /usr/share/code/code
# makefile (from 'Makefile', line 1)
CFLAGS = --std=c++17
# environment
JOURNAL_STREAM = 8:52489
# environment
XDG_CONFIG_DIRS = /etc/xdg/xdg-gnome:/etc/xdg
# makefile (from 'Makefile', line 1)
MAKEFILE_LIST :=  Makefile
# automatic
@F = $(notdir $@)
# environment
GIO_LAUNCHED_DESKTOP_FILE = /usr/share/applications/code.desktop
# 'override' directive
GNUMAKEFLAGS := 
# environment
MAKELEVEL := 0
# environment
MANDATORY_PATH = /usr/share/gconf/gnome.mandatory.path
# environment
XDG_DATA_DIRS = /usr/share/gnome:/usr/local/share:/usr/share:/var/lib/snapd/desktop
# environment
DBUS_SESSION_BUS_ADDRESS = unix:path=/run/user/1000/bus
# environment
MANAGERPID = 2060
# environment
LC_NAME = nl_NL.UTF-8
# environment
VSCODE_CWD = /home/nevin
# environment
INFINALITY_FT_USE_KNOWN_SETTINGS_ON_SELECTED_FONTS = true
# environment
PAM_KWALLET5_LOGIN = /run/user/1000/kwallet5.socket
# environment
XDG_SESSION_PATH = /org/freedesktop/DisplayManager/Session0
# default
MAKE_HOST := x86_64-pc-linux-gnu
# environment
PATH = /home/nevin/.wasmer/bin:/home/nevin/.pyenv/shims:/home/nevin/.pyenv/plugins/pyenv-virtualenv/shims:/home/nevin/.pyenv/bin:/home/nevin/.cargo/bin:/home/nevin/.local/bin:/usr/local/sbin:/usr/local/bin:/usr/sbin:/usr/bin:/sbin:/bin:/usr/games:/usr/local/games:/snap/bin:/home/nevin/.dotnet/tools:/usr/local/go/bin:/home/nevin/go/bin:/home/nevin/Android/Sdk/emulator:/home/nevin/Android/Sdk/tools:/home/nevin/Android/Sdk/tools/bin:/home/nevin/Android/Sdk/platform-tools:/home/nevin/.local/bin:/home/nevin/.yarn/bin:/home/nevin/.local/lib/python3.8/site-packages:/usr/local/cuda-11.7/bin:/home/nevin/.wasmer/globals/wapm_packages/.bin
# environment
INFINALITY_FT_STEM_SNAPPING_SLIDING_SCALE = 40
# environment
INFINALITY_FT_FRINGE_FILTER_STRENGTH = 0
# environment
GPG_AGENT_INFO = /run/user/1000/gnupg/S.gpg-agent:0:1
# environment
GJS_DEBUG_OUTPUT = stderr
# environment
LSCOLORS = Gxfxcxdxbxegedabagacad
# environment
SESSION_MANAGER = local/nevin-MS-7A72:@/tmp/.ICE-unix/2326,unix/nevin-MS-7A72:/tmp/.ICE-unix/2326
# environment
XDG_RUNTIME_DIR = /run/user/1000
# environment
INFINALITY_FT_BOLD_EMBOLDEN_X_VALUE = 0
# environment
GOPATH = /home/nevin/go
# environment
INFINALITY_FT_AUTOHINT_VERTICAL_STEM_DARKEN_STRENGTH = 25
# environment
XDG_MENU_PREFIX = gnome-
# environment
ELECTRON_RUN_AS_NODE = 1
# environment
PYENV_ROOT = /home/nevin/.pyenv
# environment
INVOCATION_ID = e30ddd52538a48b0b2f00f0018231a01
# makefile (from 'Makefile', line 3)
LDFLAGS = -lglfw -lvulkan -ldl -lpthread -lX11 -lXxf86vm -lXrandr -lXi
# environment
ANDROID_HOME = /home/nevin/Android/Sdk
# default
.FEATURES := target-specific order-only second-expansion else-if shortest-stem undefine oneshell archives jobserver output-sync check-symlink load
# environment
XDG_GREETER_DATA_DIR = /var/lib/lightdm-data/nevin
# environment
LS_COLORS = 
# environment
XDG_SESSION_DESKTOP = gnome
# environment
SSH_AUTH_SOCK = /run/user/1000/keyring/ssh
# environment
GIO_LAUNCHED_DESKTOP_FILE_PID = 109289
# automatic
%F = $(notdir $%)
# environment
WASMER_DIR = /home/nevin/.wasmer
# environment
DISPLAY = :0
# environment
INFINALITY_FT_USE_VARIOUS_TWEAKS = true
# environment
PWD = /home/nevin/Desktop/vulkan
# default
.LOADED := 
# environment
SSH_AGENT_PID = 2289
# environment
ORIGINAL_XDG_CURRENT_DESKTOP = GNOME
# environment
GTK_MODULES = gail:atk-bridge:appmenu-gtk-module
# environment
VSCODE_AMD_ENTRYPOINT = vs/workbench/api/node/extensionHostProcess
# environment
PYENV_SHELL = zsh
# environment
HOME = /home/nevin
# environment
LD_LIBRARY_PATH = :/home/nevin/.mujoco/mjpro150/bin
# environment
INFINALITY_FT_CHROMEOS_STYLE_SHARPENING_STRENGTH = 0
# environment
LC_MEASUREMENT = nl_NL.UTF-8
# environment
VSCODE_CODE_CACHE_PATH = /home/nevin/.config/Code/CachedData/6d9b74a70ca9c7733b29f0456fd8195364076dda
# environment
LOGNAME = nevin
# environment
APPLICATION_INSIGHTS_NO_DIAGNOSTIC_CHANNEL = 1
# automatic
+F = $(notdir $+)
# environment
ZSH = /home/nevin/.oh-my-zsh
# environment
VSCODE_HANDLES_UNCAUGHT_ERRORS = true
# environment
GNOME_DESKTOP_SESSION_ID = this-is-deprecated
# environment
INFINALITY_FT_CONTRAST = 0
# environment
LC_TIME = nl_NL.UTF-8
# default
MAKE = $(MAKE_COMMAND)
# environment
INFINALITY_FT_FILTER_PARAMS = 11 22 38 22 11
# default
MAKECMDGOALS := all
# environment
QT_IM_MODULE = ibus
# environment
SHLVL = 0
# environment
WASMER_CACHE_DIR = /home/nevin/.wasmer/cache
# environment
IM_CONFIG_PHASE = 1
# default
MAKE_VERSION := 4.2.1
# environment
USER = nevin
# environment
LC_MONETARY = nl_NL.UTF-8
# makefile
.DEFAULT_GOAL := a
# environment
XDG_CURRENT_DESKTOP = GNOME
# environment
LIBVIRT_DEFAULT_URI = qemu:///system
# environment
LESS = -R
# automatic
%D = $(patsubst %/,%,$(dir $%))
# environment
LC_TELEPHONE = nl_NL.UTF-8
# environment
INFINALITY_FT_STEM_ALIGNMENT_STRENGTH = 25
# default
MAKE_COMMAND := make
# environment
OLDPWD = /home/nevin
# default
.VARIABLES := 
# environment
AWT_TOOLKIT = MToolkit
# automatic
*F = $(notdir $*)
# environment
LANGUAGE = en_US
# environment
XDG_SEAT_PATH = /org/freedesktop/DisplayManager/Seat0
# environment
VSCODE_IPC_HOOK = /run/user/1000/vscode-2ddc1e11-1.70.1-main.sock
# makefile
MAKEFLAGS = pqrR
# environment
MFLAGS = -pqrR
# automatic
*D = $(patsubst %/,%,$(dir $*))
# automatic
+D = $(patsubst %/,%,$(dir $+))
# environment
INFINALITY_FT_GRAYSCALE_FILTER_STRENGTH = 0
# environment
GDK_BACKEND = x11
# environment
LC_PAPER = nl_NL.UTF-8
# environment
QT_ACCESSIBILITY = 1
# environment
DEFAULTS_PATH = /usr/share/gconf/gnome.default.path
# environment
INFINALITY_FT_GLOBAL_EMBOLDEN_Y_VALUE = 0
# default
MAKEFILES := 
# environment
LC_NUMERIC = en_US.UTF-8
# environment
OPENPILOT_ENV = 1
# automatic
<F = $(notdir $<)
# environment
INFINALITY_FT_WINDOWS_STYLE_SHARPENING_STRENGTH = 10
# environment
PAGER = less
# environment
LC_ALL = C
# environment
INFINALITY_FT_STEM_FITTING_STRENGTH = 25
# environment
_JAVA_AWT_WM_NONREPARENTING = 1
# environment
GJS_DEBUG_TOPICS = JS ERROR;JS LOG
# automatic
^F = $(notdir $^)
# environment
INFINALITY_FT_AUTOHINT_HORIZONTAL_STEM_DARKEN_STRENGTH = 10
# default
SUFFIXES := 
# environment
CHROME_DESKTOP = code-url-handler.desktop
# environment
INFINALITY_FT_AUTOHINT_SNAP_STEM_HEIGHT = 100
# environment
PYENV_VIRTUALENV_INIT = 1
# default
.INCLUDE_DIRS = /usr/include /usr/local/include /usr/include
# environment
LC_IDENTIFICATION = nl_NL.UTF-8
# default
.RECIPEPREFIX := 
# environment
 
LC_ADDRESS = nl_NL.UTF-8
# environment
INFINALITY_FT_GAMMA_CORRECTION = 0 100
# environment
LANG = C
# environment
VSCODE_PID = 109289
# variable set hash-table stats:
# Load=144/1024=14%, Rehash=0, Collisions=16/169=9%

# Pattern-specific Variable Values

# No pattern-specific variable values.

# Directories

# . (device 2082, inode 2450363): 11 files, no impossibilities.

# 11 files, no impossibilities in 1 directories.

# Implicit Rules

# No implicit rules.

# Files

a: main.cpp triangle
#  Implicit rule search has not been done.
#  Modification time never checked.
#  File has not been updated.
#  recipe to execute (from 'Makefile', line 6):
	g++ $(CFLAGS) -o a main.cpp triangle.o $(LDFLAGS)

# Not a target:
all:
#  Command line target.
#  Implicit rule search has been done.
#  File does not exist.
#  File has not been updated.

.PHONY: test clean
#  Implicit rule search has not been done.
#  Modification time never checked.
#  File has not been updated.

# Not a target:
Makefile:
#  Implicit rule search has been done.
#  Last modified 2022-08-11 02:01:10.258161875
#  File has been updated.
#  Successfully updated.

test: a
#  Phony target (prerequisite of .PHONY).
#  Implicit rule search has not been done.
#  File does not exist.
#  File has not been updated.
#  recipe to execute (from 'Makefile', line 16):
	./a

main.cpp: triangle
#  Implicit rule search has not been done.
#  Modification time never checked.
#  File has not been updated.

# Not a target:
.DEFAULT:
#  Implicit rule search has not been done.
#  Modification time never checked.
#  File has not been updated.

clean:
#  Phony target (prerequisite of .PHONY).
#  Implicit rule search has not been done.
#  File does not exist.
#  File has not been updated.
#  recipe to execute (from 'Makefile', line 19):
	rm ./a

triangle: triangle/triangle.cpp
#  Implicit rule search has not been done.
#  Modification time never checked.
#  File has not been updated.
#  recipe to execute (from 'Makefile', line 11):
	g++ -c triangle/triangle.cpp -o triangle.o

# Not a target:
triangle/triangle.cpp:
#  Implicit rule search has not been done.
#  Modification time never checked.
#  File has not been updated.

# files hash-table stats:
# Load=11/1024=1%, Rehash=0, Collisions=0/32=0%
# VPATH Search Paths

# No 'vpath' search paths.

# No general ('VPATH' variable) search path.

# strcache buffers: 1 (0) / strings = 20 / storage = 172 B / avg = 8 B
# current buf: size = 8162 B / used = 172 B / count = 20 / avg = 8 B

# strcache performance: lookups = 39 / hit rate = 48%
# hash-table stats:
# Load=20/8192=0%, Rehash=0, Collisions=1/39=3%
# Finished Make data base on Thu Aug 11 02:01:16 2022

 
